2024-12-14T19:42:39.307+0800	INFO	logger/logger.go:60	init logger success
2024-12-14T19:42:41.845+0800	INFO	logger/logger.go:60	init logger success
2024-12-14T19:54:47.279+0800	INFO	logger/logger.go:60	init logger success
2024-12-16T10:19:02.821+0800	INFO	logger/logger.go:60	init logger success
2024-12-16T10:21:13.070+0800	ERROR	logic/user.go:21	user exist	{"error": "用户已存在"}
2024-12-16T10:21:13.070+0800	ERROR	controller/user.go:24	logic.SignUp failed	{"error": "用户已存在"}
2024-12-16T10:25:01.612+0800	INFO	logger/logger.go:60	init logger success
2024-12-16T10:25:05.226+0800	ERROR	logic/user.go:21	user exist	{"error": "用户已存在"}
2024-12-16T10:25:05.226+0800	ERROR	controller/user.go:24	logic.SignUp failed	{"error": "用户已存在"}
2024-12-16T10:25:39.307+0800	INFO	logger/logger.go:60	init logger success
2024-12-16T10:25:44.108+0800	ERROR	logic/user.go:21	user exist	{"error": "用户已存在"}
2024-12-16T10:25:44.108+0800	ERROR	controller/user.go:24	logic.SignUp failed	{"error": "用户已存在"}
2024-12-16T10:30:22.343+0800	INFO	logger/logger.go:60	init logger success
2024-12-16T10:36:47.459+0800	INFO	logger/logger.go:60	init logger success
2024-12-16T10:36:52.707+0800	ERROR	controller/user.go:21	invalid params	{"error": "Key: 'ParamSignUp.RePassword' Error:Field validation for 'RePassword' failed on the 'eqfield' tag"}
2024-12-16T10:37:13.731+0800	ERROR	controller/user.go:21	invalid params	{"error": "Key: 'ParamSignUp.RePassword' Error:Field validation for 'RePassword' failed on the 'eqfield' tag"}
2024-12-16T10:38:39.131+0800	ERROR	controller/user.go:21	invalid params	{"error": "invalid character '}' looking for beginning of object key string"}
2024-12-16T10:39:14.344+0800	ERROR	controller/user.go:21	invalid params	{"error": "invalid character '}' looking for beginning of object key string"}
2024-12-16T10:52:39.009+0800	INFO	logger/logger.go:60	init logger success
2024-12-18T19:47:50.454+0800	INFO	logger/logger.go:60	init logger success
2024-12-18T19:49:06.086+0800	ERROR	controller/user.go:21	invalid params	{"error": "Key: 'ParamSignUp.RePassword' Error:Field validation for 'RePassword' failed on the 'required' tag"}
2024-12-18T20:07:32.533+0800	INFO	logger/logger.go:60	init logger success
2024-12-18T20:09:25.269+0800	INFO	logger/logger.go:60	init logger success
2024-12-18T20:09:28.974+0800	ERROR	logic/user.go:30	mysql.InsertUser failed	{"error": "Error 1062 (23000): Duplicate entry 'user1' for key 'users.uni_users_user_name'"}
2024-12-18T20:09:28.974+0800	ERROR	controller/user.go:25	logic.SignUp failed	{"error": "Error 1062 (23000): Duplicate entry 'user1' for key 'users.uni_users_user_name'"}
2024-12-18T20:35:23.503+0800	INFO	logger/logger.go:60	init logger success
2024-12-18T20:35:27.297+0800	ERROR	logic/user.go:29	mysql.InsertUser failed	{"error": "Error 1062 (23000): Duplicate entry 'user1' for key 'users.uni_users_user_name'"}
2024-12-18T20:35:27.297+0800	ERROR	controller/user.go:25	logic.SignUp failed	{"error": "Error 1062 (23000): Duplicate entry 'user1' for key 'users.uni_users_user_name'"}
2024-12-18T20:39:14.436+0800	INFO	logger/logger.go:60	init logger success
2024-12-18T20:39:17.201+0800	ERROR	logic/user.go:29	mysql.InsertUser failed	{"error": "Error 1062 (23000): Duplicate entry 'user1' for key 'users.uni_users_user_name'"}
2024-12-18T20:39:17.201+0800	ERROR	controller/user.go:25	logic.SignUp failed	{"error": "Error 1062 (23000): Duplicate entry 'user1' for key 'users.uni_users_user_name'"}
2024-12-18T20:56:28.274+0800	INFO	logger/logger.go:60	init logger success
2024-12-18T20:56:32.296+0800	ERROR	logic/user.go:29	mysql.InsertUser failed	{"error": "Error 1062 (23000): Duplicate entry 'user1' for key 'users.uni_users_user_name'"}
2024-12-18T20:56:32.296+0800	ERROR	controller/user.go:30	logic.SignUp failed	{"error": "Error 1062 (23000): Duplicate entry 'user1' for key 'users.uni_users_user_name'"}
2024-12-18T20:57:17.868+0800	INFO	logger/logger.go:60	init logger success
2024-12-18T20:57:22.136+0800	ERROR	logic/user.go:29	mysql.InsertUser failed	{"error": "Error 1062 (23000): Duplicate entry 'user1' for key 'users.uni_users_user_name'"}
2024-12-18T20:57:22.136+0800	ERROR	controller/user.go:30	logic.SignUp failed	{"error": "Error 1062 (23000): Duplicate entry 'user1' for key 'users.uni_users_user_name'"}
2024-12-18T20:59:24.532+0800	INFO	logger/logger.go:60	init logger success
2024-12-18T20:59:37.289+0800	INFO	logger/logger.go:60	init logger success
2024-12-18T20:59:44.643+0800	ERROR	logic/user.go:29	mysql.InsertUser failed	{"error": "Error 1062 (23000): Duplicate entry 'user1' for key 'users.uni_users_user_name'"}
2024-12-18T20:59:44.643+0800	ERROR	controller/user.go:30	logic.SignUp failed	{"error": "Error 1062 (23000): Duplicate entry 'user1' for key 'users.uni_users_user_name'"}
2024-12-18T21:00:12.586+0800	INFO	logger/logger.go:60	init logger success
2024-12-18T21:00:23.406+0800	INFO	logger/logger.go:60	init logger success
2024-12-18T21:03:00.131+0800	INFO	logger/logger.go:60	init logger success
2024-12-18T21:03:03.514+0800	ERROR	controller/user.go:30	logic.SignUp failed	{"error": "Error 1170 (42000): BLOB/TEXT column 'user_name' used in key specification without a key length"}
2024-12-18T21:04:17.083+0800	INFO	logger/logger.go:60	init logger success
2024-12-18T21:04:19.991+0800	ERROR	logic/user.go:29	mysql.InsertUser failed	{"error": "Error 1062 (23000): Duplicate entry 'user1' for key 'users.uni_users_user_name'"}
2024-12-18T21:04:19.991+0800	ERROR	controller/user.go:30	logic.SignUp failed	{"error": "Error 1062 (23000): Duplicate entry 'user1' for key 'users.uni_users_user_name'"}
2024-12-18T21:09:12.693+0800	INFO	logger/logger.go:60	init logger success
2024-12-18T21:09:14.844+0800	ERROR	logic/user.go:29	mysql.InsertUser failed	{"error": "Error 1062 (23000): Duplicate entry 'user1' for key 'users.uni_users_user_name'"}
2024-12-18T21:09:14.844+0800	ERROR	controller/user.go:24	logic.SignUp failed	{"error": "Error 1062 (23000): Duplicate entry 'user1' for key 'users.uni_users_user_name'"}
2024-12-18T21:10:23.328+0800	INFO	logger/logger.go:60	init logger success
2024-12-18T21:10:26.953+0800	ERROR	logic/user.go:29	mysql.InsertUser failed	{"error": "Error 1062 (23000): Duplicate entry 'user1' for key 'users.uni_users_user_name'"}
2024-12-18T21:10:26.953+0800	ERROR	controller/user.go:29	logic.SignUp failed	{"error": "Error 1062 (23000): Duplicate entry 'user1' for key 'users.uni_users_user_name'"}
2024-12-18T21:21:06.050+0800	INFO	logger/logger.go:60	init logger success
2024-12-18T21:21:09.441+0800	ERROR	logic/user.go:29	mysql.InsertUser failed	{"error": "Error 1062 (23000): Duplicate entry 'user1' for key 'users.uni_users_user_name'"}
2024-12-18T21:21:09.441+0800	ERROR	controller/user.go:30	logic.SignUp failed	{"error": "Error 1062 (23000): Duplicate entry 'user1' for key 'users.uni_users_user_name'"}
2024-12-18T21:22:57.785+0800	INFO	logger/logger.go:60	init logger success
2024-12-18T21:23:01.415+0800	ERROR	logic/user.go:29	mysql.InsertUser failed	{"error": "用户已存在"}
2024-12-18T21:23:01.415+0800	ERROR	controller/user.go:27	user exist	{"error": "用户已存在"}
2024-12-18T21:23:01.415+0800	ERROR	controller/user.go:30	logic.SignUp failed	{"error": "用户已存在"}
2024-12-18T21:23:43.844+0800	INFO	logger/logger.go:60	init logger success
2024-12-18T21:23:47.066+0800	ERROR	logic/user.go:29	mysql.InsertUser failed	{"error": "用户已存在"}
2024-12-18T21:23:47.067+0800	ERROR	controller/user.go:27	user exist	{"error": "用户已存在"}
